{
    "FunctionName": "hello-cli",
    "FunctionArn": "arn:aws:lambda:us-east-1:038213797816:function:hello-cli",
    "Runtime": "nodejs14.x",
    "Role": "arn:aws:iam::038213797816:role/lambda-exemplo",
    "Handler": "index.handler",
    "CodeSize": 309,
    "Description": "",
    "Timeout": 3,
    "MemorySize": 128,
    "LastModified": "2022-01-05T17:56:19.417+0000",
    "CodeSha256": "PZ9xEz+udsnte6wPnOwBEcm5QtOqUTgyD2CGErTC/ZU=",
    "Version": "$LATEST",
    "TracingConfig": {
        "Mode": "PassThrough"
    },
    "RevisionId": "19f67463-6f7c-49a6-b216-8584f15d9411",
    "State": "Pending",
    "StateReason": "The function is being created.",
    "StateReasonCode": "Creating",
    "PackageType": "Zip",
    "Architectures": [
        "x86_64"
    ]
}
